FILE_TYPE=LIBRARY_PARTS;
PRIMITIVE 'VLS252012HBX_3R3M_1','VLS252012HBX_3R3M_1_Other';
  PIN
    '1':
      PIN_NUMBER='(1)';
      NO_LOAD_CHECK=BOTH;
      NO_IO_CHECK=BOTH;
      ALLOW_CONNECT=TRUE;
      PINUSE='UNSPEC';
    '2':
      PIN_NUMBER='(2)';
      NO_LOAD_CHECK=BOTH;
      NO_IO_CHECK=BOTH;
      ALLOW_CONNECT=TRUE;
      PINUSE='UNSPEC';
  END_PIN;
  BODY
    PART_NAME='VLS252012HBX_3R3M_1';
    PHYS_DES_PREFIX='L';
    NO_LOAD_CHECK='TRUE';
    PIN_COUNT='2';
    BODY_NAME='VLS252012HBX_3R3M_1';
    JEDEC_TYPE='VLS2520';
  END_BODY;
END_PRIMITIVE;
END.
